Compiled jquery.js  (22ms)  (pid 58255)
Compiled jquery_ujs.js  (0ms)  (pid 58255)
Compiled homes.js  (219ms)  (pid 58255)
Compiled sessions.js  (97ms)  (pid 58255)
Compiled users.js  (104ms)  (pid 58255)
Compiled application.js  (480ms)  (pid 58255)
Compiled application.css  (0ms)  (pid 58255)
Compiled jquery.js  (4ms)  (pid 58302)
Compiled jquery_ujs.js  (0ms)  (pid 58302)
Compiled homes.js  (233ms)  (pid 58302)
Compiled sessions.js  (98ms)  (pid 58302)
Compiled users.js  (109ms)  (pid 58302)
Compiled application.js  (480ms)  (pid 58302)
Compiled application.css  (0ms)  (pid 58302)
Compiled jquery.js  (4ms)  (pid 58313)
Compiled jquery_ujs.js  (0ms)  (pid 58313)
Compiled homes.js  (133ms)  (pid 58313)
Compiled sessions.js  (105ms)  (pid 58313)
Compiled users.js  (143ms)  (pid 58313)
Compiled application.js  (456ms)  (pid 58313)
Compiled application.css  (0ms)  (pid 58313)
Compiled jquery.js  (4ms)  (pid 58341)
Compiled jquery_ujs.js  (0ms)  (pid 58341)
Compiled homes.js  (232ms)  (pid 58341)
Compiled sessions.js  (102ms)  (pid 58341)
Compiled users.js  (102ms)  (pid 58341)
Compiled application.js  (482ms)  (pid 58341)
Compiled application.css  (0ms)  (pid 58341)
Compiled jquery.js  (4ms)  (pid 58352)
Compiled jquery_ujs.js  (0ms)  (pid 58352)
Compiled homes.js  (161ms)  (pid 58352)
Compiled sessions.js  (116ms)  (pid 58352)
Compiled users.js  (103ms)  (pid 58352)
Compiled application.js  (421ms)  (pid 58352)
Compiled application.css  (0ms)  (pid 58352)
Compiled jquery.js  (5ms)  (pid 58362)
Compiled jquery_ujs.js  (0ms)  (pid 58362)
Compiled homes.js  (143ms)  (pid 58362)
Compiled sessions.js  (115ms)  (pid 58362)
Compiled users.js  (105ms)  (pid 58362)
Compiled application.js  (406ms)  (pid 58362)
Compiled application.css  (0ms)  (pid 58362)
Compiled jquery.js  (6ms)  (pid 58394)
Compiled jquery_ujs.js  (0ms)  (pid 58394)
Compiled homes.js  (150ms)  (pid 58394)
Compiled sessions.js  (134ms)  (pid 58394)
Compiled users.js  (103ms)  (pid 58394)
Compiled application.js  (426ms)  (pid 58394)
Compiled application.css  (0ms)  (pid 58394)
Compiled javascripts/homes.js  (112ms)  (pid 58394)
Compiled javascripts/application.js  (120ms)  (pid 58394)
Compiled stylesheets/application.css  (0ms)  (pid 58394)
Compiled jquery.js  (67ms)  (pid 58394)
Compiled jquery_ujs.js  (0ms)  (pid 58394)
Compiled homes.js  (136ms)  (pid 58394)
Compiled sessions.js  (164ms)  (pid 58394)
Compiled users.js  (104ms)  (pid 58394)
Compiled application.js  (517ms)  (pid 58394)
Compiled application.css  (0ms)  (pid 58394)
Compiled javascripts/homes.js  (101ms)  (pid 58394)
Compiled javascripts/application.js  (108ms)  (pid 58394)
Compiled stylesheets/application.css  (0ms)  (pid 58394)
Compiled jquery.js  (36ms)  (pid 58421)
Compiled jquery_ujs.js  (0ms)  (pid 58421)
Compiled homes.js  (108ms)  (pid 58421)
Compiled sessions.js  (197ms)  (pid 58421)
Compiled users.js  (112ms)  (pid 58421)
Compiled application.js  (489ms)  (pid 58421)
Compiled application.css  (0ms)  (pid 58421)
Compiled javascripts/homes.js  (104ms)  (pid 58421)
Compiled javascripts/application.js  (111ms)  (pid 58421)
Compiled stylesheets/application.css  (0ms)  (pid 58421)
Compiled jquery.js  (37ms)  (pid 58421)
Compiled jquery_ujs.js  (0ms)  (pid 58421)
Compiled homes.js  (126ms)  (pid 58421)
Compiled sessions.js  (158ms)  (pid 58421)
Compiled users.js  (99ms)  (pid 58421)
Compiled application.js  (463ms)  (pid 58421)
Compiled application.css  (0ms)  (pid 58421)
Compiled javascripts/homes.js  (130ms)  (pid 58421)
Compiled javascripts/application.js  (140ms)  (pid 58421)
Compiled stylesheets/application.css  (0ms)  (pid 58421)
Compiled jquery.js  (5ms)  (pid 58455)
Compiled jquery_ujs.js  (0ms)  (pid 58455)
Compiled homes.js  (193ms)  (pid 58455)
Compiled sessions.js  (99ms)  (pid 58455)
Compiled users.js  (106ms)  (pid 58455)
Compiled application.js  (469ms)  (pid 58455)
Compiled application.css  (0ms)  (pid 58455)
Compiled jquery.js  (41ms)  (pid 58455)
Compiled jquery_ujs.js  (0ms)  (pid 58455)
Compiled homes.js  (163ms)  (pid 58455)
Compiled sessions.js  (119ms)  (pid 58455)
Compiled users.js  (159ms)  (pid 58455)
Compiled application.js  (665ms)  (pid 58455)
Compiled application.css  (1ms)  (pid 58455)
Compiled jquery.js  (80ms)  (pid 58474)
Compiled jquery_ujs.js  (0ms)  (pid 58474)
Compiled homes.js  (138ms)  (pid 58474)
Compiled sessions.js  (200ms)  (pid 58474)
Compiled users.js  (117ms)  (pid 58474)
Compiled application.js  (600ms)  (pid 58474)
Compiled application.css  (0ms)  (pid 58474)
Compiled jquery.js  (34ms)  (pid 58474)
Compiled jquery_ujs.js  (0ms)  (pid 58474)
Compiled homes.js  (107ms)  (pid 58474)
Compiled sessions.js  (150ms)  (pid 58474)
Compiled users.js  (105ms)  (pid 58474)
Compiled application.js  (432ms)  (pid 58474)
Compiled application.css  (0ms)  (pid 58474)
Compiled jquery.js  (35ms)  (pid 58513)
Compiled jquery_ujs.js  (0ms)  (pid 58513)
Compiled homes.js  (114ms)  (pid 58513)
Compiled application.js  (169ms)  (pid 58513)
Compiled application.css  (0ms)  (pid 58513)
Compiled jquery.js  (35ms)  (pid 58513)
Compiled jquery_ujs.js  (0ms)  (pid 58513)
Compiled homes.js  (129ms)  (pid 58513)
Compiled application.js  (190ms)  (pid 58513)
Compiled application.css  (0ms)  (pid 58513)
Compiled jquery.js  (5ms)  (pid 58542)
Compiled jquery_ujs.js  (0ms)  (pid 58542)
Compiled homes.js  (144ms)  (pid 58542)
Compiled application.js  (173ms)  (pid 58542)
Compiled application.css  (0ms)  (pid 58542)
Compiled jquery.js  (43ms)  (pid 58542)
Compiled jquery_ujs.js  (0ms)  (pid 58542)
Compiled homes.js  (109ms)  (pid 58542)
Compiled application.js  (171ms)  (pid 58542)
Compiled application.css  (0ms)  (pid 58542)
Compiled jquery.js  (5ms)  (pid 58719)
Compiled jquery_ujs.js  (0ms)  (pid 58719)
Compiled application.js  (74ms)  (pid 58719)
Compiled application.css  (0ms)  (pid 58719)
Compiled jquery.js  (42ms)  (pid 58719)
Compiled jquery_ujs.js  (0ms)  (pid 58719)
Compiled application.js  (60ms)  (pid 58719)
Compiled application.css  (0ms)  (pid 58719)
Compiled jquery.js  (4ms)  (pid 58765)
Compiled jquery_ujs.js  (0ms)  (pid 58765)
Compiled homes.js  (297ms)  (pid 58765)
Compiled application.js  (338ms)  (pid 58765)
Compiled application.css  (0ms)  (pid 58765)
Compiled jquery.js  (36ms)  (pid 58765)
Compiled jquery_ujs.js  (0ms)  (pid 58765)
Compiled homes.js  (116ms)  (pid 58765)
Compiled application.js  (171ms)  (pid 58765)
Compiled application.css  (0ms)  (pid 58765)
Compiled jquery.js  (35ms)  (pid 59140)
Compiled jquery_ujs.js  (1ms)  (pid 59140)
Compiled homes.js  (105ms)  (pid 59140)
Compiled application.js  (164ms)  (pid 59140)
Compiled application.css  (0ms)  (pid 59140)
Compiled jquery.js  (4ms)  (pid 59140)
Compiled jquery_ujs.js  (0ms)  (pid 59140)
Compiled homes.js  (107ms)  (pid 59140)
Compiled application.js  (166ms)  (pid 59140)
Compiled application.css  (0ms)  (pid 59140)
Compiled jquery.js  (38ms)  (pid 59240)
Compiled jquery_ujs.js  (1ms)  (pid 59240)
Compiled homes.js  (436ms)  (pid 59240)
Compiled application.js  (524ms)  (pid 59240)
Compiled application.css  (0ms)  (pid 59240)
Compiled jquery.js  (50ms)  (pid 59240)
Compiled jquery_ujs.js  (0ms)  (pid 59240)
Compiled homes.js  (158ms)  (pid 59240)
Compiled application.js  (243ms)  (pid 59240)
Compiled application.css  (0ms)  (pid 59240)
Compiled jquery.js  (8ms)  (pid 59256)
Compiled jquery_ujs.js  (0ms)  (pid 59256)
Compiled homes.js  (115ms)  (pid 59256)
Compiled application.js  (173ms)  (pid 59256)
Compiled application.css  (2ms)  (pid 59256)
Compiled jquery.js  (40ms)  (pid 59256)
Compiled jquery_ujs.js  (0ms)  (pid 59256)
Compiled homes.js  (162ms)  (pid 59256)
Compiled application.js  (236ms)  (pid 59256)
Compiled application.css  (0ms)  (pid 59256)
Compiled jquery.js  (35ms)  (pid 59276)
Compiled jquery_ujs.js  (1ms)  (pid 59276)
Compiled homes.js  (127ms)  (pid 59276)
Compiled application.js  (186ms)  (pid 59276)
Compiled application.css  (0ms)  (pid 59276)
Compiled jquery.js  (5ms)  (pid 59276)
Compiled jquery_ujs.js  (0ms)  (pid 59276)
Compiled homes.js  (111ms)  (pid 59276)
Compiled application.js  (164ms)  (pid 59276)
Compiled application.css  (0ms)  (pid 59276)
Compiled jquery.js  (35ms)  (pid 59294)
Compiled jquery_ujs.js  (0ms)  (pid 59294)
Compiled homes.js  (125ms)  (pid 59294)
Compiled application.js  (182ms)  (pid 59294)
Compiled application.css  (0ms)  (pid 59294)
Compiled jquery.js  (5ms)  (pid 59294)
Compiled jquery_ujs.js  (0ms)  (pid 59294)
Compiled homes.js  (133ms)  (pid 59294)
Compiled application.js  (162ms)  (pid 59294)
Compiled application.css  (0ms)  (pid 59294)
